app/build/intermediates/manifest_merge_blame_file/debug/manifest-merger-blame-debug-report.txt
1<?xml version="1.0" encoding="utf-8"?>
2<manifest xmlns:android="http://schemas.android.com/apk/res/android"
3    package="com.example.agrohold"
4    android:versionCode="1"
5    android:versionName="1.0" >
6
7    <uses-sdk
8        android:minSdkVersion="25"
8-->src\main\AndroidManifest.xml
9        android:targetSdkVersion="33" />
9-->src\main\AndroidManifest.xml
10
11    <uses-permission android:name="android.permission.INTERNET" />
11-->src\main\AndroidManifest.xml:5:5-66
11-->src\main\AndroidManifest.xml:5:22-64
12    <uses-permission android:name="android.permission.ACCESS_FINE_LOCATION" />
12-->src\main\AndroidManifest.xml:6:5-78
12-->src\main\AndroidManifest.xml:6:22-76
13    <uses-permission android:name="android.permission.ACCESS_COARSE_LOCATION" />
13-->src\main\AndroidManifest.xml:7:5-80
13-->src\main\AndroidManifest.xml:7:22-78
14
15    <!-- Include required permissions for Google Maps API to run. -->
16    <uses-permission android:name="android.permission.ACCESS_NETWORK_STATE" />
16-->[com.google.android.gms:play-services-maps:18.1.0] AndroidManifest.xml:23:5-79
16-->[com.google.android.gms:play-services-maps:18.1.0] AndroidManifest.xml:23:22-76
17
18    <uses-feature
18-->[com.google.android.gms:play-services-maps:18.1.0] AndroidManifest.xml:26:5-28:35
19        android:glEsVersion="0x00020000"
19-->[com.google.android.gms:play-services-maps:18.1.0] AndroidManifest.xml:27:9-41
20        android:required="true" />
20-->[com.google.android.gms:play-services-maps:18.1.0] AndroidManifest.xml:28:9-32
21
22    <queries>
22-->[com.google.android.gms:play-services-maps:18.1.0] AndroidManifest.xml:30:5-34:15
23
24        <!-- Needs to be explicitly declared on Android R+ -->
25        <package android:name="com.google.android.apps.maps" />
25-->[com.google.android.gms:play-services-maps:18.1.0] AndroidManifest.xml:33:9-64
25-->[com.google.android.gms:play-services-maps:18.1.0] AndroidManifest.xml:33:18-61
26    </queries>
27
28    <permission
28-->[androidx.core:core:1.9.0] AndroidManifest.xml:22:5-24:47
29        android:name="com.example.agrohold.DYNAMIC_RECEIVER_NOT_EXPORTED_PERMISSION"
29-->[androidx.core:core:1.9.0] AndroidManifest.xml:23:9-81
30        android:protectionLevel="signature" />
30-->[androidx.core:core:1.9.0] AndroidManifest.xml:24:9-44
31
32    <uses-permission android:name="com.example.agrohold.DYNAMIC_RECEIVER_NOT_EXPORTED_PERMISSION" />
32-->[androidx.core:core:1.9.0] AndroidManifest.xml:26:5-97
32-->[androidx.core:core:1.9.0] AndroidManifest.xml:26:22-94
33
34    <application
34-->src\main\AndroidManifest.xml:9:5-87:19
35        android:allowBackup="true"
35-->src\main\AndroidManifest.xml:10:9-35
36        android:appComponentFactory="androidx.core.app.CoreComponentFactory"
36-->[androidx.core:core:1.9.0] AndroidManifest.xml:28:18-86
37        android:dataExtractionRules="@xml/data_extraction_rules"
37-->src\main\AndroidManifest.xml:11:9-65
38        android:debuggable="true"
39        android:extractNativeLibs="false"
40        android:fullBackupContent="@xml/backup_rules"
40-->src\main\AndroidManifest.xml:12:9-54
41        android:icon="@mipmap/ic_launcher"
41-->src\main\AndroidManifest.xml:13:9-43
42        android:label="@string/app_name"
42-->src\main\AndroidManifest.xml:14:9-41
43        android:roundIcon="@mipmap/ic_launcher_round"
43-->src\main\AndroidManifest.xml:15:9-54
44        android:supportsRtl="true"
44-->src\main\AndroidManifest.xml:16:9-35
45        android:testOnly="true"
46        android:theme="@style/Theme.AppCompat" >
46-->src\main\AndroidManifest.xml:17:9-47
47        <activity
47-->src\main\AndroidManifest.xml:19:9-25:20
48            android:name="com.example.agrohold.ResultPage"
48-->src\main\AndroidManifest.xml:20:13-39
49            android:exported="false" >
49-->src\main\AndroidManifest.xml:21:13-37
50            <meta-data
50-->src\main\AndroidManifest.xml:22:13-24:36
51                android:name="android.app.lib_name"
51-->src\main\AndroidManifest.xml:23:17-52
52                android:value="" />
52-->src\main\AndroidManifest.xml:24:17-33
53        </activity>
54        <activity
54-->src\main\AndroidManifest.xml:26:9-28:40
55            android:name="com.example.agrohold.CopyrightsActivity"
55-->src\main\AndroidManifest.xml:27:13-47
56            android:exported="false" />
56-->src\main\AndroidManifest.xml:28:13-37
57        <activity
57-->src\main\AndroidManifest.xml:29:9-31:40
58            android:name="com.example.agrohold.AboutApp"
58-->src\main\AndroidManifest.xml:30:13-37
59            android:exported="false" />
59-->src\main\AndroidManifest.xml:31:13-37
60        <activity
60-->src\main\AndroidManifest.xml:32:9-34:40
61            android:name="com.example.agrohold.AutorActivity"
61-->src\main\AndroidManifest.xml:33:13-42
62            android:exported="false" />
62-->src\main\AndroidManifest.xml:34:13-37
63        <activity
63-->src\main\AndroidManifest.xml:35:9-37:40
64            android:name="com.example.agrohold.MenuActivity"
64-->src\main\AndroidManifest.xml:36:13-41
65            android:exported="false" />
65-->src\main\AndroidManifest.xml:37:13-37
66        <activity
66-->src\main\AndroidManifest.xml:38:9-51:20
67            android:name="com.example.agrohold.SplashScreenActivity"
67-->src\main\AndroidManifest.xml:39:13-49
68            android:exported="true"
68-->src\main\AndroidManifest.xml:40:13-36
69            android:theme="@style/Theme.SplashActivity" >
69-->src\main\AndroidManifest.xml:41:13-56
70            <intent-filter>
70-->src\main\AndroidManifest.xml:42:13-46:29
71                <action android:name="android.intent.action.MAIN" />
71-->src\main\AndroidManifest.xml:43:17-69
71-->src\main\AndroidManifest.xml:43:25-66
72
73                <category android:name="android.intent.category.LAUNCHER" />
73-->src\main\AndroidManifest.xml:45:17-77
73-->src\main\AndroidManifest.xml:45:27-74
74            </intent-filter>
75
76            <meta-data
76-->src\main\AndroidManifest.xml:22:13-24:36
77                android:name="android.app.lib_name"
77-->src\main\AndroidManifest.xml:23:17-52
78                android:value="" />
78-->src\main\AndroidManifest.xml:24:17-33
79        </activity>
80        <activity
80-->src\main\AndroidManifest.xml:52:9-58:20
81            android:name="com.example.agrohold.SoilSelection"
81-->src\main\AndroidManifest.xml:53:13-42
82            android:exported="false" >
82-->src\main\AndroidManifest.xml:54:13-37
83            <meta-data
83-->src\main\AndroidManifest.xml:22:13-24:36
84                android:name="android.app.lib_name"
84-->src\main\AndroidManifest.xml:23:17-52
85                android:value="" />
85-->src\main\AndroidManifest.xml:24:17-33
86        </activity>
87        <activity
87-->src\main\AndroidManifest.xml:59:9-65:20
88            android:name="com.example.agrohold.SeasonSelection"
88-->src\main\AndroidManifest.xml:60:13-44
89            android:exported="false" >
89-->src\main\AndroidManifest.xml:61:13-37
90            <meta-data
90-->src\main\AndroidManifest.xml:22:13-24:36
91                android:name="android.app.lib_name"
91-->src\main\AndroidManifest.xml:23:17-52
92                android:value="" />
92-->src\main\AndroidManifest.xml:24:17-33
93        </activity>
94        <activity
94-->src\main\AndroidManifest.xml:66:9-72:20
95            android:name="com.example.agrohold.MainActivity"
95-->src\main\AndroidManifest.xml:67:13-41
96            android:exported="true" >
96-->src\main\AndroidManifest.xml:68:13-36
97            <meta-data
97-->src\main\AndroidManifest.xml:22:13-24:36
98                android:name="android.app.lib_name"
98-->src\main\AndroidManifest.xml:23:17-52
99                android:value="" />
99-->src\main\AndroidManifest.xml:24:17-33
100        </activity>
101        <activity
101-->src\main\AndroidManifest.xml:73:9-79:20
102            android:name="com.example.agrohold.EditActivity"
102-->src\main\AndroidManifest.xml:74:13-41
103            android:exported="true" >
103-->src\main\AndroidManifest.xml:75:13-36
104            <meta-data
104-->src\main\AndroidManifest.xml:22:13-24:36
105                android:name="android.app.lib_name"
105-->src\main\AndroidManifest.xml:23:17-52
106                android:value="" />
106-->src\main\AndroidManifest.xml:24:17-33
107        </activity>
108        <activity
108-->src\main\AndroidManifest.xml:80:9-86:20
109            android:name="com.example.agrohold.NotesActivity"
109-->src\main\AndroidManifest.xml:81:13-42
110            android:exported="true" >
110-->src\main\AndroidManifest.xml:82:13-36
111            <meta-data
111-->src\main\AndroidManifest.xml:22:13-24:36
112                android:name="android.app.lib_name"
112-->src\main\AndroidManifest.xml:23:17-52
113                android:value="" />
113-->src\main\AndroidManifest.xml:24:17-33
114        </activity>
115        <!-- Needs to be explicitly declared on P+ -->
116        <uses-library
116-->[com.google.android.gms:play-services-maps:18.1.0] AndroidManifest.xml:39:9-41:40
117            android:name="org.apache.http.legacy"
117-->[com.google.android.gms:play-services-maps:18.1.0] AndroidManifest.xml:40:13-50
118            android:required="false" />
118-->[com.google.android.gms:play-services-maps:18.1.0] AndroidManifest.xml:41:13-37
119
120        <activity
120-->[com.google.android.gms:play-services-base:18.0.1] AndroidManifest.xml:20:9-22:45
121            android:name="com.google.android.gms.common.api.GoogleApiActivity"
121-->[com.google.android.gms:play-services-base:18.0.1] AndroidManifest.xml:20:19-85
122            android:exported="false"
122-->[com.google.android.gms:play-services-base:18.0.1] AndroidManifest.xml:22:19-43
123            android:theme="@android:style/Theme.Translucent.NoTitleBar" />
123-->[com.google.android.gms:play-services-base:18.0.1] AndroidManifest.xml:21:19-78
124
125        <meta-data
125-->[com.google.android.gms:play-services-basement:18.0.0] AndroidManifest.xml:21:9-23:69
126            android:name="com.google.android.gms.version"
126-->[com.google.android.gms:play-services-basement:18.0.0] AndroidManifest.xml:22:13-58
127            android:value="@integer/google_play_services_version" />
127-->[com.google.android.gms:play-services-basement:18.0.0] AndroidManifest.xml:23:13-66
128
129        <provider
129-->[androidx.emoji2:emoji2:1.2.0] AndroidManifest.xml:24:9-32:20
130            android:name="androidx.startup.InitializationProvider"
130-->[androidx.emoji2:emoji2:1.2.0] AndroidManifest.xml:25:13-67
131            android:authorities="com.example.agrohold.androidx-startup"
131-->[androidx.emoji2:emoji2:1.2.0] AndroidManifest.xml:26:13-68
132            android:exported="false" >
132-->[androidx.emoji2:emoji2:1.2.0] AndroidManifest.xml:27:13-37
133            <meta-data
133-->[androidx.emoji2:emoji2:1.2.0] AndroidManifest.xml:29:13-31:52
134                android:name="androidx.emoji2.text.EmojiCompatInitializer"
134-->[androidx.emoji2:emoji2:1.2.0] AndroidManifest.xml:30:17-75
135                android:value="androidx.startup" />
135-->[androidx.emoji2:emoji2:1.2.0] AndroidManifest.xml:31:17-49
136            <meta-data
136-->[androidx.lifecycle:lifecycle-process:2.4.1] AndroidManifest.xml:31:13-33:52
137                android:name="androidx.lifecycle.ProcessLifecycleInitializer"
137-->[androidx.lifecycle:lifecycle-process:2.4.1] AndroidManifest.xml:32:17-78
138                android:value="androidx.startup" />
138-->[androidx.lifecycle:lifecycle-process:2.4.1] AndroidManifest.xml:33:17-49
139        </provider>
140    </application>
141
142</manifest>